{"E:\\IT_and_programing\\Frontend\\8.0_Homeworks\\Task_10.1\\dist\\js\\GameSavingLoader.js": {"path":"E:\\IT_and_programing\\Frontend\\8.0_Homeworks\\Task_10.1\\dist\\js\\GameSavingLoader.js","statementMap":{"0":{"start":{"line":1,"column":0},"end":{"line":1,"column":53}},"1":{"start":{"line":3,"column":0},"end":{"line":3,"column":47}},"2":{"start":{"line":5,"column":0},"end":{"line":5,"column":38}},"3":{"start":{"line":7,"column":0},"end":{"line":9,"column":3}},"4":{"start":{"line":10,"column":0},"end":{"line":10,"column":25}},"5":{"start":{"line":12,"column":16},"end":{"line":12,"column":59}},"6":{"start":{"line":14,"column":16},"end":{"line":14,"column":59}},"7":{"start":{"line":16,"column":39},"end":{"line":16,"column":93}},"8":{"start":{"line":18,"column":50},"end":{"line":18,"column":151}},"9":{"start":{"line":18,"column":92},"end":{"line":18,"column":149}},"10":{"start":{"line":20,"column":44},"end":{"line":20,"column":317}},"11":{"start":{"line":20,"column":57},"end":{"line":20,"column":58}},"12":{"start":{"line":20,"column":104},"end":{"line":20,"column":112}},"13":{"start":{"line":20,"column":114},"end":{"line":20,"column":169}},"14":{"start":{"line":20,"column":170},"end":{"line":20,"column":201}},"15":{"start":{"line":20,"column":202},"end":{"line":20,"column":256}},"16":{"start":{"line":20,"column":229},"end":{"line":20,"column":256}},"17":{"start":{"line":20,"column":257},"end":{"line":20,"column":315}},"18":{"start":{"line":22,"column":62},"end":{"line":22,"column":131}},"19":{"start":{"line":22,"column":78},"end":{"line":22,"column":131}},"20":{"start":{"line":22,"column":132},"end":{"line":22,"column":193}},"21":{"start":{"line":22,"column":149},"end":{"line":22,"column":193}},"22":{"start":{"line":22,"column":194},"end":{"line":22,"column":213}},"23":{"start":{"line":24,"column":41},"end":{"line":42,"column":3}},"24":{"start":{"line":26,"column":4},"end":{"line":26,"column":44}},"25":{"start":{"line":29,"column":2},"end":{"line":39,"column":6}},"26":{"start":{"line":32,"column":6},"end":{"line":37,"column":9}},"27":{"start":{"line":33,"column":8},"end":{"line":33,"column":40}},"28":{"start":{"line":34,"column":24},"end":{"line":34,"column":50}},"29":{"start":{"line":35,"column":27},"end":{"line":35,"column":42}},"30":{"start":{"line":36,"column":8},"end":{"line":36,"column":26}},"31":{"start":{"line":41,"column":2},"end":{"line":41,"column":26}},"32":{"start":{"line":44,"column":17},"end":{"line":44,"column":33}},"33":{"start":{"line":82,"column":0},"end":{"line":82,"column":27}}},"fnMap":{"0":{"name":"_interopRequireDefault","decl":{"start":{"line":16,"column":9},"end":{"line":16,"column":31}},"loc":{"start":{"line":16,"column":37},"end":{"line":16,"column":95}},"line":16},"1":{"name":"_classCallCheck","decl":{"start":{"line":18,"column":9},"end":{"line":18,"column":24}},"loc":{"start":{"line":18,"column":48},"end":{"line":18,"column":153}},"line":18},"2":{"name":"_defineProperties","decl":{"start":{"line":20,"column":9},"end":{"line":20,"column":26}},"loc":{"start":{"line":20,"column":42},"end":{"line":20,"column":319}},"line":20},"3":{"name":"_createClass","decl":{"start":{"line":22,"column":9},"end":{"line":22,"column":21}},"loc":{"start":{"line":22,"column":60},"end":{"line":22,"column":215}},"line":22},"4":{"name":"(anonymous_4)","decl":{"start":{"line":24,"column":41},"end":{"line":24,"column":42}},"loc":{"start":{"line":24,"column":53},"end":{"line":42,"column":1}},"line":24},"5":{"name":"GameSavingLoader","decl":{"start":{"line":25,"column":11},"end":{"line":25,"column":27}},"loc":{"start":{"line":25,"column":30},"end":{"line":27,"column":3}},"line":25},"6":{"name":"load","decl":{"start":{"line":31,"column":20},"end":{"line":31,"column":24}},"loc":{"start":{"line":31,"column":27},"end":{"line":38,"column":5}},"line":31},"7":{"name":"(anonymous_7)","decl":{"start":{"line":32,"column":25},"end":{"line":32,"column":26}},"loc":{"start":{"line":32,"column":38},"end":{"line":34,"column":7}},"line":32},"8":{"name":"(anonymous_8)","decl":{"start":{"line":34,"column":14},"end":{"line":34,"column":15}},"loc":{"start":{"line":34,"column":24},"end":{"line":34,"column":50}},"line":34},"9":{"name":"(anonymous_9)","decl":{"start":{"line":34,"column":57},"end":{"line":34,"column":58}},"loc":{"start":{"line":34,"column":66},"end":{"line":37,"column":7}},"line":34}},"branchMap":{"0":{"loc":{"start":{"line":16,"column":46},"end":{"line":16,"column":92}},"type":"cond-expr","locations":[{"start":{"line":16,"column":70},"end":{"line":16,"column":73}},{"start":{"line":16,"column":76},"end":{"line":16,"column":92}}],"line":16},"1":{"loc":{"start":{"line":16,"column":46},"end":{"line":16,"column":67}},"type":"binary-expr","locations":[{"start":{"line":16,"column":46},"end":{"line":16,"column":49}},{"start":{"line":16,"column":53},"end":{"line":16,"column":67}}],"line":16},"2":{"loc":{"start":{"line":18,"column":50},"end":{"line":18,"column":151}},"type":"if","locations":[{"start":{"line":18,"column":50},"end":{"line":18,"column":151}},{"start":{"line":18,"column":50},"end":{"line":18,"column":151}}],"line":18},"3":{"loc":{"start":{"line":20,"column":138},"end":{"line":20,"column":168}},"type":"binary-expr","locations":[{"start":{"line":20,"column":138},"end":{"line":20,"column":159}},{"start":{"line":20,"column":163},"end":{"line":20,"column":168}}],"line":20},"4":{"loc":{"start":{"line":20,"column":202},"end":{"line":20,"column":256}},"type":"if","locations":[{"start":{"line":20,"column":202},"end":{"line":20,"column":256}},{"start":{"line":20,"column":202},"end":{"line":20,"column":256}}],"line":20},"5":{"loc":{"start":{"line":22,"column":62},"end":{"line":22,"column":131}},"type":"if","locations":[{"start":{"line":22,"column":62},"end":{"line":22,"column":131}},{"start":{"line":22,"column":62},"end":{"line":22,"column":131}}],"line":22},"6":{"loc":{"start":{"line":22,"column":132},"end":{"line":22,"column":193}},"type":"if","locations":[{"start":{"line":22,"column":132},"end":{"line":22,"column":193}},{"start":{"line":22,"column":132},"end":{"line":22,"column":193}}],"line":22}},"s":{"0":1,"1":1,"2":1,"3":1,"4":1,"5":1,"6":1,"7":2,"8":1,"9":0,"10":1,"11":1,"12":1,"13":1,"14":1,"15":1,"16":1,"17":1,"18":1,"19":1,"20":1,"21":0,"22":1,"23":1,"24":1,"25":1,"26":1,"27":1,"28":1,"29":1,"30":1,"31":1,"32":1,"33":1},"f":{"0":2,"1":1,"2":1,"3":1,"4":1,"5":1,"6":1,"7":1,"8":1,"9":1},"b":{"0":[2,0],"1":[2,2],"2":[0,1],"3":[1,1],"4":[1,0],"5":[1,0],"6":[0,1]},"_coverageSchema":"1a1c01bbd47fc00a2c39e90264f33305004495a9","hash":"7da54f819c080f52a7fe5e66da3ca6c967c6a539"}
,"E:\\IT_and_programing\\Frontend\\8.0_Homeworks\\Task_10.1\\dist\\js\\parser.js": {"path":"E:\\IT_and_programing\\Frontend\\8.0_Homeworks\\Task_10.1\\dist\\js\\parser.js","statementMap":{"0":{"start":{"line":1,"column":0},"end":{"line":1,"column":45}},"1":{"start":{"line":3,"column":0},"end":{"line":3,"column":49}},"2":{"start":{"line":5,"column":0},"end":{"line":5,"column":47}},"3":{"start":{"line":7,"column":0},"end":{"line":7,"column":38}},"4":{"start":{"line":9,"column":0},"end":{"line":9,"column":55}},"5":{"start":{"line":11,"column":0},"end":{"line":11,"column":54}},"6":{"start":{"line":13,"column":0},"end":{"line":13,"column":48}},"7":{"start":{"line":15,"column":0},"end":{"line":15,"column":47}},"8":{"start":{"line":17,"column":0},"end":{"line":17,"column":49}},"9":{"start":{"line":19,"column":0},"end":{"line":19,"column":47}},"10":{"start":{"line":21,"column":0},"end":{"line":21,"column":53}},"11":{"start":{"line":23,"column":0},"end":{"line":23,"column":51}},"12":{"start":{"line":25,"column":0},"end":{"line":25,"column":51}},"13":{"start":{"line":27,"column":0},"end":{"line":27,"column":51}},"14":{"start":{"line":29,"column":0},"end":{"line":29,"column":51}},"15":{"start":{"line":31,"column":0},"end":{"line":31,"column":47}},"16":{"start":{"line":33,"column":0},"end":{"line":33,"column":56}},"17":{"start":{"line":35,"column":0},"end":{"line":35,"column":46}},"18":{"start":{"line":37,"column":0},"end":{"line":37,"column":49}},"19":{"start":{"line":39,"column":0},"end":{"line":39,"column":55}},"20":{"start":{"line":41,"column":0},"end":{"line":41,"column":50}},"21":{"start":{"line":43,"column":0},"end":{"line":43,"column":46}},"22":{"start":{"line":45,"column":0},"end":{"line":45,"column":48}},"23":{"start":{"line":47,"column":0},"end":{"line":47,"column":47}},"24":{"start":{"line":49,"column":0},"end":{"line":49,"column":47}},"25":{"start":{"line":51,"column":0},"end":{"line":51,"column":51}},"26":{"start":{"line":53,"column":0},"end":{"line":53,"column":59}},"27":{"start":{"line":55,"column":0},"end":{"line":55,"column":52}},"28":{"start":{"line":57,"column":0},"end":{"line":57,"column":38}},"29":{"start":{"line":59,"column":0},"end":{"line":61,"column":3}},"30":{"start":{"line":62,"column":0},"end":{"line":62,"column":23}},"31":{"start":{"line":65,"column":2},"end":{"line":70,"column":5}},"32":{"start":{"line":67,"column":4},"end":{"line":69,"column":12}},"33":{"start":{"line":68,"column":6},"end":{"line":68,"column":70}}},"fnMap":{"0":{"name":"json","decl":{"start":{"line":64,"column":9},"end":{"line":64,"column":13}},"loc":{"start":{"line":64,"column":20},"end":{"line":71,"column":1}},"line":64},"1":{"name":"(anonymous_1)","decl":{"start":{"line":65,"column":21},"end":{"line":65,"column":22}},"loc":{"start":{"line":65,"column":42},"end":{"line":70,"column":3}},"line":65},"2":{"name":"(anonymous_2)","decl":{"start":{"line":67,"column":15},"end":{"line":67,"column":16}},"loc":{"start":{"line":67,"column":21},"end":{"line":69,"column":5}},"line":67}},"branchMap":{},"s":{"0":1,"1":1,"2":1,"3":1,"4":1,"5":1,"6":1,"7":1,"8":1,"9":1,"10":1,"11":1,"12":1,"13":1,"14":1,"15":1,"16":1,"17":1,"18":1,"19":1,"20":1,"21":1,"22":1,"23":1,"24":1,"25":1,"26":1,"27":1,"28":1,"29":1,"30":1,"31":1,"32":1,"33":1},"f":{"0":1,"1":1,"2":1},"b":{},"_coverageSchema":"1a1c01bbd47fc00a2c39e90264f33305004495a9","hash":"72b35cc59f0adcad28b9e2552ce948583b75c1eb"}
,"E:\\IT_and_programing\\Frontend\\8.0_Homeworks\\Task_10.1\\dist\\js\\reader.js": {"path":"E:\\IT_and_programing\\Frontend\\8.0_Homeworks\\Task_10.1\\dist\\js\\reader.js","statementMap":{"0":{"start":{"line":1,"column":0},"end":{"line":1,"column":45}},"1":{"start":{"line":3,"column":0},"end":{"line":3,"column":55}},"2":{"start":{"line":5,"column":0},"end":{"line":5,"column":49}},"3":{"start":{"line":7,"column":0},"end":{"line":7,"column":47}},"4":{"start":{"line":9,"column":0},"end":{"line":9,"column":38}},"5":{"start":{"line":11,"column":0},"end":{"line":11,"column":55}},"6":{"start":{"line":13,"column":0},"end":{"line":13,"column":54}},"7":{"start":{"line":15,"column":0},"end":{"line":15,"column":48}},"8":{"start":{"line":17,"column":0},"end":{"line":17,"column":47}},"9":{"start":{"line":19,"column":0},"end":{"line":19,"column":49}},"10":{"start":{"line":21,"column":0},"end":{"line":21,"column":47}},"11":{"start":{"line":23,"column":0},"end":{"line":23,"column":53}},"12":{"start":{"line":25,"column":0},"end":{"line":25,"column":51}},"13":{"start":{"line":27,"column":0},"end":{"line":27,"column":51}},"14":{"start":{"line":29,"column":0},"end":{"line":29,"column":51}},"15":{"start":{"line":31,"column":0},"end":{"line":31,"column":51}},"16":{"start":{"line":33,"column":0},"end":{"line":33,"column":47}},"17":{"start":{"line":35,"column":0},"end":{"line":35,"column":56}},"18":{"start":{"line":37,"column":0},"end":{"line":37,"column":46}},"19":{"start":{"line":39,"column":0},"end":{"line":39,"column":49}},"20":{"start":{"line":41,"column":0},"end":{"line":41,"column":55}},"21":{"start":{"line":43,"column":0},"end":{"line":43,"column":50}},"22":{"start":{"line":45,"column":0},"end":{"line":45,"column":46}},"23":{"start":{"line":47,"column":0},"end":{"line":47,"column":48}},"24":{"start":{"line":49,"column":0},"end":{"line":49,"column":47}},"25":{"start":{"line":51,"column":0},"end":{"line":51,"column":47}},"26":{"start":{"line":53,"column":0},"end":{"line":53,"column":51}},"27":{"start":{"line":55,"column":0},"end":{"line":55,"column":59}},"28":{"start":{"line":57,"column":0},"end":{"line":57,"column":52}},"29":{"start":{"line":59,"column":0},"end":{"line":59,"column":38}},"30":{"start":{"line":61,"column":0},"end":{"line":63,"column":3}},"31":{"start":{"line":64,"column":0},"end":{"line":64,"column":23}},"32":{"start":{"line":67,"column":2},"end":{"line":82,"column":5}},"33":{"start":{"line":69,"column":4},"end":{"line":81,"column":13}},"34":{"start":{"line":70,"column":19},"end":{"line":70,"column":111}},"35":{"start":{"line":71,"column":6},"end":{"line":80,"column":15}},"36":{"start":{"line":72,"column":23},"end":{"line":72,"column":56}},"37":{"start":{"line":73,"column":27},"end":{"line":73,"column":50}},"38":{"start":{"line":75,"column":8},"end":{"line":77,"column":9}},"39":{"start":{"line":75,"column":21},"end":{"line":75,"column":22}},"40":{"start":{"line":76,"column":10},"end":{"line":76,"column":46}},"41":{"start":{"line":79,"column":8},"end":{"line":79,"column":24}}},"fnMap":{"0":{"name":"read","decl":{"start":{"line":66,"column":9},"end":{"line":66,"column":13}},"loc":{"start":{"line":66,"column":16},"end":{"line":83,"column":1}},"line":66},"1":{"name":"(anonymous_1)","decl":{"start":{"line":67,"column":21},"end":{"line":67,"column":22}},"loc":{"start":{"line":67,"column":42},"end":{"line":82,"column":3}},"line":67},"2":{"name":"(anonymous_2)","decl":{"start":{"line":69,"column":15},"end":{"line":69,"column":16}},"loc":{"start":{"line":69,"column":21},"end":{"line":81,"column":5}},"line":69},"3":{"name":"(anonymous_3)","decl":{"start":{"line":71,"column":14},"end":{"line":71,"column":15}},"loc":{"start":{"line":71,"column":31},"end":{"line":80,"column":7}},"line":71}},"branchMap":{},"s":{"0":1,"1":1,"2":1,"3":1,"4":1,"5":1,"6":1,"7":1,"8":1,"9":1,"10":1,"11":1,"12":1,"13":1,"14":1,"15":1,"16":1,"17":1,"18":1,"19":1,"20":1,"21":1,"22":1,"23":1,"24":1,"25":1,"26":1,"27":1,"28":1,"29":1,"30":1,"31":1,"32":1,"33":1,"34":1,"35":1,"36":1,"37":1,"38":1,"39":1,"40":90,"41":1},"f":{"0":1,"1":1,"2":1,"3":1},"b":{},"_coverageSchema":"1a1c01bbd47fc00a2c39e90264f33305004495a9","hash":"49455f3f05e36e368cf9461b57358ba122f741f0"}
,"E:\\IT_and_programing\\Frontend\\8.0_Homeworks\\Task_10.1\\src\\js\\GameSavingLoader.js": {"path":"E:\\IT_and_programing\\Frontend\\8.0_Homeworks\\Task_10.1\\src\\js\\GameSavingLoader.js","statementMap":{"0":{"start":{"line":9,"column":4},"end":{"line":14,"column":7}},"1":{"start":{"line":10,"column":6},"end":{"line":10,"column":22}},"2":{"start":{"line":11,"column":22},"end":{"line":11,"column":32}},"3":{"start":{"line":12,"column":25},"end":{"line":12,"column":40}},"4":{"start":{"line":13,"column":6},"end":{"line":13,"column":24}}},"fnMap":{"0":{"name":"(anonymous_0)","decl":{"start":{"line":8,"column":2},"end":{"line":8,"column":3}},"loc":{"start":{"line":8,"column":9},"end":{"line":15,"column":3}},"line":8},"1":{"name":"(anonymous_1)","decl":{"start":{"line":9,"column":23},"end":{"line":9,"column":24}},"loc":{"start":{"line":9,"column":36},"end":{"line":11,"column":5}},"line":9},"2":{"name":"(anonymous_2)","decl":{"start":{"line":11,"column":12},"end":{"line":11,"column":13}},"loc":{"start":{"line":11,"column":22},"end":{"line":11,"column":32}},"line":11},"3":{"name":"(anonymous_3)","decl":{"start":{"line":11,"column":39},"end":{"line":11,"column":40}},"loc":{"start":{"line":11,"column":48},"end":{"line":14,"column":5}},"line":11}},"branchMap":{},"s":{"0":2,"1":2,"2":2,"3":2,"4":2},"f":{"0":2,"1":2,"2":2,"3":2},"b":{},"_coverageSchema":"1a1c01bbd47fc00a2c39e90264f33305004495a9","hash":"7e38ae6518401c5cb3a3726baca9952e80cb64df"}
,"E:\\IT_and_programing\\Frontend\\8.0_Homeworks\\Task_10.1\\src\\js\\app.js": {"path":"E:\\IT_and_programing\\Frontend\\8.0_Homeworks\\Task_10.1\\src\\js\\app.js","statementMap":{"0":{"start":{"line":5,"column":12},"end":{"line":5,"column":34}},"1":{"start":{"line":6,"column":0},"end":{"line":8,"column":3}},"2":{"start":{"line":6,"column":28},"end":{"line":6,"column":34}},"3":{"start":{"line":7,"column":2},"end":{"line":7,"column":23}}},"fnMap":{"0":{"name":"(anonymous_0)","decl":{"start":{"line":6,"column":16},"end":{"line":6,"column":17}},"loc":{"start":{"line":6,"column":28},"end":{"line":6,"column":34}},"line":6},"1":{"name":"(anonymous_1)","decl":{"start":{"line":6,"column":36},"end":{"line":6,"column":37}},"loc":{"start":{"line":6,"column":47},"end":{"line":8,"column":1}},"line":6}},"branchMap":{},"s":{"0":1,"1":1,"2":1,"3":0},"f":{"0":1,"1":0},"b":{},"_coverageSchema":"1a1c01bbd47fc00a2c39e90264f33305004495a9","hash":"b7022d2320f0b67d04d2b840a96544eddef40309"}
,"E:\\IT_and_programing\\Frontend\\8.0_Homeworks\\Task_10.1\\src\\js\\parser.js": {"path":"E:\\IT_and_programing\\Frontend\\8.0_Homeworks\\Task_10.1\\src\\js\\parser.js","statementMap":{"0":{"start":{"line":3,"column":2},"end":{"line":8,"column":5}},"1":{"start":{"line":5,"column":4},"end":{"line":7,"column":12}},"2":{"start":{"line":6,"column":6},"end":{"line":6,"column":70}}},"fnMap":{"0":{"name":"json","decl":{"start":{"line":2,"column":24},"end":{"line":2,"column":28}},"loc":{"start":{"line":2,"column":35},"end":{"line":9,"column":1}},"line":2},"1":{"name":"(anonymous_1)","decl":{"start":{"line":3,"column":21},"end":{"line":3,"column":22}},"loc":{"start":{"line":3,"column":42},"end":{"line":8,"column":3}},"line":3},"2":{"name":"(anonymous_2)","decl":{"start":{"line":5,"column":15},"end":{"line":5,"column":16}},"loc":{"start":{"line":5,"column":21},"end":{"line":7,"column":5}},"line":5}},"branchMap":{},"s":{"0":2,"1":2,"2":2},"f":{"0":2,"1":2,"2":2},"b":{},"_coverageSchema":"1a1c01bbd47fc00a2c39e90264f33305004495a9","hash":"93a41126fdcb8054f701a5447309e1f0448799e5"}
,"E:\\IT_and_programing\\Frontend\\8.0_Homeworks\\Task_10.1\\src\\js\\reader.js": {"path":"E:\\IT_and_programing\\Frontend\\8.0_Homeworks\\Task_10.1\\src\\js\\reader.js","statementMap":{"0":{"start":{"line":2,"column":2},"end":{"line":15,"column":5}},"1":{"start":{"line":4,"column":4},"end":{"line":14,"column":13}},"2":{"start":{"line":5,"column":19},"end":{"line":5,"column":111}},"3":{"start":{"line":6,"column":6},"end":{"line":13,"column":15}},"4":{"start":{"line":7,"column":23},"end":{"line":7,"column":56}},"5":{"start":{"line":8,"column":27},"end":{"line":8,"column":50}},"6":{"start":{"line":9,"column":8},"end":{"line":11,"column":9}},"7":{"start":{"line":9,"column":21},"end":{"line":9,"column":22}},"8":{"start":{"line":10,"column":10},"end":{"line":10,"column":46}},"9":{"start":{"line":12,"column":8},"end":{"line":12,"column":24}}},"fnMap":{"0":{"name":"read","decl":{"start":{"line":1,"column":24},"end":{"line":1,"column":28}},"loc":{"start":{"line":1,"column":31},"end":{"line":16,"column":1}},"line":1},"1":{"name":"(anonymous_1)","decl":{"start":{"line":2,"column":21},"end":{"line":2,"column":22}},"loc":{"start":{"line":2,"column":42},"end":{"line":15,"column":3}},"line":2},"2":{"name":"(anonymous_2)","decl":{"start":{"line":4,"column":15},"end":{"line":4,"column":16}},"loc":{"start":{"line":4,"column":21},"end":{"line":14,"column":5}},"line":4},"3":{"name":"(anonymous_3)","decl":{"start":{"line":6,"column":14},"end":{"line":6,"column":15}},"loc":{"start":{"line":6,"column":25},"end":{"line":13,"column":7}},"line":6}},"branchMap":{},"s":{"0":2,"1":2,"2":2,"3":2,"4":2,"5":2,"6":2,"7":2,"8":180,"9":2},"f":{"0":2,"1":2,"2":2,"3":2},"b":{},"_coverageSchema":"1a1c01bbd47fc00a2c39e90264f33305004495a9","hash":"76fd60b044b632e85ea915e98b448f84d9e26afc"}
}
