TN:
SF:dist\js\GameSavingLoader.js
FN:16,_interopRequireDefault
FN:18,_classCallCheck
FN:20,_defineProperties
FN:22,_createClass
FN:24,(anonymous_4)
FN:25,GameSavingLoader
FN:31,load
FN:32,(anonymous_7)
FN:34,(anonymous_8)
FN:34,(anonymous_9)
FNF:10
FNH:10
FNDA:2,_interopRequireDefault
FNDA:1,_classCallCheck
FNDA:1,_defineProperties
FNDA:1,_createClass
FNDA:1,(anonymous_4)
FNDA:1,GameSavingLoader
FNDA:1,load
FNDA:1,(anonymous_7)
FNDA:1,(anonymous_8)
FNDA:1,(anonymous_9)
DA:1,1
DA:3,1
DA:5,1
DA:7,1
DA:10,1
DA:12,1
DA:14,1
DA:16,2
DA:18,1
DA:20,1
DA:22,1
DA:24,1
DA:26,1
DA:29,1
DA:32,1
DA:33,1
DA:34,1
DA:35,1
DA:36,1
DA:41,1
DA:44,1
DA:82,1
LF:22
LH:22
BRDA:16,0,0,2
BRDA:16,0,1,0
BRDA:16,1,0,2
BRDA:16,1,1,2
BRDA:18,2,0,0
BRDA:18,2,1,1
BRDA:20,3,0,1
BRDA:20,3,1,1
BRDA:20,4,0,1
BRDA:20,4,1,0
BRDA:22,5,0,1
BRDA:22,5,1,0
BRDA:22,6,0,0
BRDA:22,6,1,1
BRF:14
BRH:9
end_of_record
TN:
SF:dist\js\parser.js
FN:64,json
FN:65,(anonymous_1)
FN:67,(anonymous_2)
FNF:3
FNH:3
FNDA:1,json
FNDA:1,(anonymous_1)
FNDA:1,(anonymous_2)
DA:1,1
DA:3,1
DA:5,1
DA:7,1
DA:9,1
DA:11,1
DA:13,1
DA:15,1
DA:17,1
DA:19,1
DA:21,1
DA:23,1
DA:25,1
DA:27,1
DA:29,1
DA:31,1
DA:33,1
DA:35,1
DA:37,1
DA:39,1
DA:41,1
DA:43,1
DA:45,1
DA:47,1
DA:49,1
DA:51,1
DA:53,1
DA:55,1
DA:57,1
DA:59,1
DA:62,1
DA:65,1
DA:67,1
DA:68,1
LF:34
LH:34
BRF:0
BRH:0
end_of_record
TN:
SF:dist\js\reader.js
FN:66,read
FN:67,(anonymous_1)
FN:69,(anonymous_2)
FN:71,(anonymous_3)
FNF:4
FNH:4
FNDA:1,read
FNDA:1,(anonymous_1)
FNDA:1,(anonymous_2)
FNDA:1,(anonymous_3)
DA:1,1
DA:3,1
DA:5,1
DA:7,1
DA:9,1
DA:11,1
DA:13,1
DA:15,1
DA:17,1
DA:19,1
DA:21,1
DA:23,1
DA:25,1
DA:27,1
DA:29,1
DA:31,1
DA:33,1
DA:35,1
DA:37,1
DA:39,1
DA:41,1
DA:43,1
DA:45,1
DA:47,1
DA:49,1
DA:51,1
DA:53,1
DA:55,1
DA:57,1
DA:59,1
DA:61,1
DA:64,1
DA:67,1
DA:69,1
DA:70,1
DA:71,1
DA:72,1
DA:73,1
DA:75,1
DA:76,90
DA:79,1
LF:41
LH:41
BRF:0
BRH:0
end_of_record
TN:
SF:src\js\GameSavingLoader.js
FN:8,(anonymous_0)
FN:9,(anonymous_1)
FN:11,(anonymous_2)
FN:11,(anonymous_3)
FNF:4
FNH:4
FNDA:2,(anonymous_0)
FNDA:2,(anonymous_1)
FNDA:2,(anonymous_2)
FNDA:2,(anonymous_3)
DA:9,2
DA:10,2
DA:11,2
DA:12,2
DA:13,2
LF:5
LH:5
BRF:0
BRH:0
end_of_record
TN:
SF:src\js\app.js
FN:6,(anonymous_0)
FN:6,(anonymous_1)
FNF:2
FNH:1
FNDA:1,(anonymous_0)
FNDA:0,(anonymous_1)
DA:5,1
DA:6,1
DA:7,0
LF:3
LH:2
BRF:0
BRH:0
end_of_record
TN:
SF:src\js\parser.js
FN:2,json
FN:3,(anonymous_1)
FN:5,(anonymous_2)
FNF:3
FNH:3
FNDA:2,json
FNDA:2,(anonymous_1)
FNDA:2,(anonymous_2)
DA:3,2
DA:5,2
DA:6,2
LF:3
LH:3
BRF:0
BRH:0
end_of_record
TN:
SF:src\js\reader.js
FN:1,read
FN:2,(anonymous_1)
FN:4,(anonymous_2)
FN:6,(anonymous_3)
FNF:4
FNH:4
FNDA:2,read
FNDA:2,(anonymous_1)
FNDA:2,(anonymous_2)
FNDA:2,(anonymous_3)
DA:2,2
DA:4,2
DA:5,2
DA:6,2
DA:7,2
DA:8,2
DA:9,2
DA:10,180
DA:12,2
LF:9
LH:9
BRF:0
BRH:0
end_of_record
